2021-04-05 17:19:50,889 [Worker-3: Loading available Gradle versions] INFO  o.e.b.c.i.u.g.PublishedGradleVersions - Gradle version information cache is up-to-date. Trying to read.
2021-04-05 17:24:46,452 [Worker-3: Creating maven-archetype-quickstart] INFO  o.e.m.c.i.p.ProjectConfigurationManager - Collecting project info '/pom.xml' C:\Users\Sumedha\Desktop\spring-workspace\springcore\pom.xml
2021-04-05 17:24:51,484 [Worker-3: Creating maven-archetype-quickstart] INFO  o.e.m.c.i.l.LifecycleMappingFactory - Using org.eclipse.m2e.jdt.JarLifecycleMapping lifecycle mapping for MavenProject: com.tyss:springcore:0.0.1-SNAPSHOT @ C:\Users\Sumedha\Desktop\spring-workspace\springcore\pom.xml.
2021-04-05 17:25:00,391 [Worker-3: Creating maven-archetype-quickstart] INFO  o.e.m.j.i.AbstractJavaProjectConfigurator - Adding source folder /springcore/src/main/java
2021-04-05 17:25:00,418 [Worker-3: Creating maven-archetype-quickstart] INFO  o.e.m.j.i.AbstractJavaProjectConfigurator - Adding source folder /springcore/src/test/java
2021-04-05 17:25:14,363 [Worker-3: Creating maven-archetype-quickstart] INFO  o.e.m.c.i.p.ProjectConfigurationManager - Imported and configured 1 project(s) in 27 sec
2021-04-05 17:25:19,394 [Worker-6: Building] INFO  o.e.m.c.i.embedder.EclipseLogger - Using 'UTF-8' encoding to copy filtered resources.
2021-04-05 17:25:19,396 [Worker-6: Building] INFO  o.e.m.c.i.embedder.EclipseLogger - skip non existing resourceDirectory C:\Users\Sumedha\Desktop\spring-workspace\springcore\src\main\resources
2021-04-05 17:25:19,405 [Worker-6: Building] INFO  o.e.m.c.i.embedder.EclipseLogger - Using 'UTF-8' encoding to copy filtered resources.
2021-04-05 17:25:19,406 [Worker-6: Building] INFO  o.e.m.c.i.embedder.EclipseLogger - skip non existing resourceDirectory C:\Users\Sumedha\Desktop\spring-workspace\springcore\src\test\resources
2021-04-05 17:27:06,567 [Worker-5: Building] INFO  o.e.m.c.i.embedder.EclipseLogger - Using 'UTF-8' encoding to copy filtered resources.
2021-04-05 17:27:06,569 [Worker-5: Building] INFO  o.e.m.c.i.embedder.EclipseLogger - skip non existing resourceDirectory C:\Users\Sumedha\Desktop\spring-workspace\springcore\src\main\resources
2021-04-05 17:27:06,574 [Worker-5: Building] INFO  o.e.m.c.i.embedder.EclipseLogger - Using 'UTF-8' encoding to copy filtered resources.
2021-04-05 17:27:06,575 [Worker-5: Building] INFO  o.e.m.c.i.embedder.EclipseLogger - skip non existing resourceDirectory C:\Users\Sumedha\Desktop\spring-workspace\springcore\src\test\resources
2021-04-05 17:30:41,003 [Worker-15: Building] INFO  o.e.m.c.i.l.LifecycleMappingFactory - Using org.eclipse.m2e.jdt.JarLifecycleMapping lifecycle mapping for MavenProject: com.tyss:springcoreproj:0.0.1-SNAPSHOT @ C:\Users\Sumedha\Desktop\ServletWorkspace\springcoreproj\pom.xml.
2021-04-05 17:30:47,960 [Worker-15: Building] INFO  o.e.m.c.i.embedder.EclipseLogger - Using 'UTF-8' encoding to copy filtered resources.
2021-04-05 17:30:47,960 [Worker-15: Building] INFO  o.e.m.c.i.embedder.EclipseLogger - skip non existing resourceDirectory C:\Users\Sumedha\Desktop\ServletWorkspace\springcoreproj\src\main\resources
2021-04-05 17:30:47,993 [Worker-15: Building] INFO  o.e.m.c.i.embedder.EclipseLogger - Using 'UTF-8' encoding to copy filtered resources.
2021-04-05 17:30:47,994 [Worker-15: Building] INFO  o.e.m.c.i.embedder.EclipseLogger - skip non existing resourceDirectory C:\Users\Sumedha\Desktop\ServletWorkspace\springcoreproj\src\test\resources
2021-04-05 17:30:51,021 [Worker-15: Building] INFO  o.e.m.c.i.l.LifecycleMappingFactory - Using org.eclipse.m2e.jdt.JarLifecycleMapping lifecycle mapping for MavenProject: com.tyss:springcoreproj1:0.0.1-SNAPSHOT @ C:\Users\Sumedha\Desktop\ServletWorkspace\springcoreproj1\pom.xml.
2021-04-05 17:30:53,079 [Worker-15: Building] INFO  o.e.m.c.i.embedder.EclipseLogger - Using 'UTF-8' encoding to copy filtered resources.
2021-04-05 17:30:53,080 [Worker-15: Building] INFO  o.e.m.c.i.embedder.EclipseLogger - skip non existing resourceDirectory C:\Users\Sumedha\Desktop\ServletWorkspace\springcoreproj1\src\main\resources
2021-04-05 17:30:53,084 [Worker-15: Building] INFO  o.e.m.c.i.embedder.EclipseLogger - Using 'UTF-8' encoding to copy filtered resources.
2021-04-05 17:30:53,084 [Worker-15: Building] INFO  o.e.m.c.i.embedder.EclipseLogger - skip non existing resourceDirectory C:\Users\Sumedha\Desktop\ServletWorkspace\springcoreproj1\src\test\resources
2021-04-05 17:31:00,568 [Worker-15: Building] INFO  o.e.m.c.i.l.LifecycleMappingFactory - Using org.eclipse.m2e.jdt.JarLifecycleMapping lifecycle mapping for MavenProject: com.tyss:springproj:0.0.1-SNAPSHOT @ C:\Users\Sumedha\Desktop\ServletWorkspace\springproj\pom.xml.
2021-04-05 17:31:05,944 [Worker-15: Building] INFO  o.e.m.c.i.embedder.EclipseLogger - Using 'UTF-8' encoding to copy filtered resources.
2021-04-05 17:31:05,945 [Worker-15: Building] INFO  o.e.m.c.i.embedder.EclipseLogger - skip non existing resourceDirectory C:\Users\Sumedha\Desktop\ServletWorkspace\springproj\src\main\resources
2021-04-05 17:31:05,949 [Worker-15: Building] INFO  o.e.m.c.i.embedder.EclipseLogger - Using 'UTF-8' encoding to copy filtered resources.
2021-04-05 17:31:05,950 [Worker-15: Building] INFO  o.e.m.c.i.embedder.EclipseLogger - skip non existing resourceDirectory C:\Users\Sumedha\Desktop\ServletWorkspace\springproj\src\test\resources
2021-04-05 17:31:10,938 [Worker-15: Building] INFO  o.e.m.c.i.l.LifecycleMappingFactory - Using org.eclipse.m2e.jdt.JarLifecycleMapping lifecycle mapping for MavenProject: com.tyss:springproj2:0.0.1-SNAPSHOT @ C:\Users\Sumedha\Desktop\ServletWorkspace\springproj2\pom.xml.
2021-04-05 17:31:12,498 [Worker-15: Building] INFO  o.e.m.c.i.embedder.EclipseLogger - Using 'UTF-8' encoding to copy filtered resources.
2021-04-05 17:31:12,500 [Worker-15: Building] INFO  o.e.m.c.i.embedder.EclipseLogger - skip non existing resourceDirectory C:\Users\Sumedha\Desktop\ServletWorkspace\springproj2\src\main\resources
2021-04-05 17:31:12,503 [Worker-15: Building] INFO  o.e.m.c.i.embedder.EclipseLogger - Using 'UTF-8' encoding to copy filtered resources.
2021-04-05 17:31:12,503 [Worker-15: Building] INFO  o.e.m.c.i.embedder.EclipseLogger - skip non existing resourceDirectory C:\Users\Sumedha\Desktop\ServletWorkspace\springproj2\src\test\resources
2021-04-05 17:31:15,627 [Worker-6: Building] INFO  o.e.m.c.i.embedder.EclipseLogger - Using 'UTF-8' encoding to copy filtered resources.
2021-04-05 17:31:15,628 [Worker-6: Building] INFO  o.e.m.c.i.embedder.EclipseLogger - skip non existing resourceDirectory C:\Users\Sumedha\Desktop\ServletWorkspace\springcoreproj\src\main\resources
2021-04-05 17:31:15,631 [Worker-6: Building] INFO  o.e.m.c.i.embedder.EclipseLogger - Using 'UTF-8' encoding to copy filtered resources.
2021-04-05 17:31:15,635 [Worker-6: Building] INFO  o.e.m.c.i.embedder.EclipseLogger - skip non existing resourceDirectory C:\Users\Sumedha\Desktop\ServletWorkspace\springcoreproj\src\test\resources
2021-04-05 17:31:17,064 [Worker-6: Building] INFO  o.e.m.c.i.embedder.EclipseLogger - Using 'UTF-8' encoding to copy filtered resources.
2021-04-05 17:31:17,065 [Worker-6: Building] INFO  o.e.m.c.i.embedder.EclipseLogger - skip non existing resourceDirectory C:\Users\Sumedha\Desktop\ServletWorkspace\springcoreproj1\src\main\resources
2021-04-05 17:31:17,072 [Worker-6: Building] INFO  o.e.m.c.i.embedder.EclipseLogger - Using 'UTF-8' encoding to copy filtered resources.
2021-04-05 17:31:17,073 [Worker-6: Building] INFO  o.e.m.c.i.embedder.EclipseLogger - skip non existing resourceDirectory C:\Users\Sumedha\Desktop\ServletWorkspace\springcoreproj1\src\test\resources
2021-04-05 17:31:18,958 [Worker-6: Building] INFO  o.e.m.c.i.embedder.EclipseLogger - Using 'UTF-8' encoding to copy filtered resources.
2021-04-05 17:31:18,959 [Worker-6: Building] INFO  o.e.m.c.i.embedder.EclipseLogger - skip non existing resourceDirectory C:\Users\Sumedha\Desktop\ServletWorkspace\springproj\src\main\resources
2021-04-05 17:31:18,964 [Worker-6: Building] INFO  o.e.m.c.i.embedder.EclipseLogger - Using 'UTF-8' encoding to copy filtered resources.
2021-04-05 17:31:18,964 [Worker-6: Building] INFO  o.e.m.c.i.embedder.EclipseLogger - skip non existing resourceDirectory C:\Users\Sumedha\Desktop\ServletWorkspace\springproj\src\test\resources
2021-04-05 17:31:19,653 [Worker-6: Building] INFO  o.e.m.c.i.embedder.EclipseLogger - Using 'UTF-8' encoding to copy filtered resources.
2021-04-05 17:31:19,654 [Worker-6: Building] INFO  o.e.m.c.i.embedder.EclipseLogger - skip non existing resourceDirectory C:\Users\Sumedha\Desktop\ServletWorkspace\springproj2\src\main\resources
2021-04-05 17:31:19,657 [Worker-6: Building] INFO  o.e.m.c.i.embedder.EclipseLogger - Using 'UTF-8' encoding to copy filtered resources.
2021-04-05 17:31:19,658 [Worker-6: Building] INFO  o.e.m.c.i.embedder.EclipseLogger - skip non existing resourceDirectory C:\Users\Sumedha\Desktop\ServletWorkspace\springproj2\src\test\resources
2021-04-05 17:38:25,148 [Worker-19: Building] INFO  o.e.m.c.i.embedder.EclipseLogger - Using 'UTF-8' encoding to copy filtered resources.
2021-04-05 17:38:25,149 [Worker-19: Building] INFO  o.e.m.c.i.embedder.EclipseLogger - skip non existing resourceDirectory C:\Users\Sumedha\Desktop\spring-workspace\springcore\src\main\resources
2021-04-05 17:38:25,152 [Worker-19: Building] INFO  o.e.m.c.i.embedder.EclipseLogger - Using 'UTF-8' encoding to copy filtered resources.
2021-04-05 17:38:25,152 [Worker-19: Building] INFO  o.e.m.c.i.embedder.EclipseLogger - skip non existing resourceDirectory C:\Users\Sumedha\Desktop\spring-workspace\springcore\src\test\resources
2021-04-05 17:38:25,232 [Worker-19: Building] INFO  o.e.m.c.i.embedder.EclipseLogger - Using 'UTF-8' encoding to copy filtered resources.
2021-04-05 17:38:25,233 [Worker-19: Building] INFO  o.e.m.c.i.embedder.EclipseLogger - skip non existing resourceDirectory C:\Users\Sumedha\Desktop\ServletWorkspace\springcoreproj\src\main\resources
2021-04-05 17:38:25,236 [Worker-19: Building] INFO  o.e.m.c.i.embedder.EclipseLogger - Using 'UTF-8' encoding to copy filtered resources.
2021-04-05 17:38:25,237 [Worker-19: Building] INFO  o.e.m.c.i.embedder.EclipseLogger - skip non existing resourceDirectory C:\Users\Sumedha\Desktop\ServletWorkspace\springcoreproj\src\test\resources
2021-04-05 17:38:25,250 [Worker-19: Building] INFO  o.e.m.c.i.embedder.EclipseLogger - Using 'UTF-8' encoding to copy filtered resources.
2021-04-05 17:38:25,251 [Worker-19: Building] INFO  o.e.m.c.i.embedder.EclipseLogger - skip non existing resourceDirectory C:\Users\Sumedha\Desktop\ServletWorkspace\springcoreproj1\src\main\resources
2021-04-05 17:38:25,254 [Worker-19: Building] INFO  o.e.m.c.i.embedder.EclipseLogger - Using 'UTF-8' encoding to copy filtered resources.
2021-04-05 17:38:25,254 [Worker-19: Building] INFO  o.e.m.c.i.embedder.EclipseLogger - skip non existing resourceDirectory C:\Users\Sumedha\Desktop\ServletWorkspace\springcoreproj1\src\test\resources
2021-04-05 17:38:25,278 [Worker-19: Building] INFO  o.e.m.c.i.embedder.EclipseLogger - Using 'UTF-8' encoding to copy filtered resources.
2021-04-05 17:38:25,278 [Worker-19: Building] INFO  o.e.m.c.i.embedder.EclipseLogger - skip non existing resourceDirectory C:\Users\Sumedha\Desktop\ServletWorkspace\springproj\src\main\resources
2021-04-05 17:38:25,288 [Worker-19: Building] INFO  o.e.m.c.i.embedder.EclipseLogger - Using 'UTF-8' encoding to copy filtered resources.
2021-04-05 17:38:25,288 [Worker-19: Building] INFO  o.e.m.c.i.embedder.EclipseLogger - skip non existing resourceDirectory C:\Users\Sumedha\Desktop\ServletWorkspace\springproj\src\test\resources
2021-04-05 17:38:25,303 [Worker-19: Building] INFO  o.e.m.c.i.embedder.EclipseLogger - Using 'UTF-8' encoding to copy filtered resources.
2021-04-05 17:38:25,303 [Worker-19: Building] INFO  o.e.m.c.i.embedder.EclipseLogger - skip non existing resourceDirectory C:\Users\Sumedha\Desktop\ServletWorkspace\springproj2\src\main\resources
2021-04-05 17:38:25,309 [Worker-19: Building] INFO  o.e.m.c.i.embedder.EclipseLogger - Using 'UTF-8' encoding to copy filtered resources.
2021-04-05 17:38:25,309 [Worker-19: Building] INFO  o.e.m.c.i.embedder.EclipseLogger - skip non existing resourceDirectory C:\Users\Sumedha\Desktop\ServletWorkspace\springproj2\src\test\resources
2021-04-05 22:33:23,110 [Worker-31: Building] INFO  o.e.m.c.i.embedder.EclipseLogger - Using 'UTF-8' encoding to copy filtered resources.
2021-04-05 22:33:23,194 [Worker-31: Building] INFO  o.e.m.c.i.embedder.EclipseLogger - skip non existing resourceDirectory C:\Users\Sumedha\Desktop\ServletWorkspace\springcoreproj\src\main\resources
2021-04-05 22:33:23,230 [Worker-31: Building] INFO  o.e.m.c.i.embedder.EclipseLogger - Using 'UTF-8' encoding to copy filtered resources.
2021-04-05 22:33:23,239 [Worker-31: Building] INFO  o.e.m.c.i.embedder.EclipseLogger - skip non existing resourceDirectory C:\Users\Sumedha\Desktop\ServletWorkspace\springcoreproj\src\test\resources
