TRACE [main] Test.java:12 - tracing started
FATAL [main] Test.java:13 - fatal msg
ERROR [main] Test.java:14 - error msg
 WARN [main] Test.java:15 - warn msg
 INFO [main] Test.java:16 - info msg
DEBUG [main] Test.java:17 - debug msg
TRACE [main] Test.java:18 - tracing ended
TRACE [main] Test.java:12 - tracing started
FATAL [main] Test.java:13 - fatal msg
ERROR [main] Test.java:14 - error msg
 WARN [main] Test.java:15 - warn msg
 INFO [main] Test.java:16 - info msg
DEBUG [main] Test.java:17 - debug msg
TRACE [main] Test.java:18 - tracing ended
<!DOCTYPE HTML PUBLIC "-//W3C//DTD HTML 4.01 Transitional//EN" "http://www.w3.org/TR/html4/loose.dtd">
<html>
<head>
<title>Log4J Log Messages</title>
<style type="text/css">
<!--
body, table {font-family: arial,sans-serif; font-size: x-small;}
th {background: #336699; color: #FFFFFF; text-align: left;}
-->
</style>
</head>
<body bgcolor="#FFFFFF" topmargin="6" leftmargin="6">
<hr size="1" noshade>
Log session start time Wed Apr 14 18:12:06 IST 2021<br>
<br>
<table cellspacing="0" cellpadding="4" border="1" bordercolor="#224466" width="100%">
<tr>
<th>Time</th>
<th>Thread</th>
<th>Level</th>
<th>Category</th>
<th>Message</th>
</tr>

<tr>
<td>0</td>
<td title="main thread">main</td>
<td title="Level">TRACE</td>
<td title="com.te.log4j.Test category">com.te.log4j.Test</td>
<td title="Message">tracing started</td>
</tr>

<tr>
<td>2</td>
<td title="main thread">main</td>
<td title="Level"><font color="#993300"><strong>FATAL</strong></font></td>
<td title="com.te.log4j.Test category">com.te.log4j.Test</td>
<td title="Message">fatal msg</td>
</tr>

<tr>
<td>2</td>
<td title="main thread">main</td>
<td title="Level"><font color="#993300"><strong>ERROR</strong></font></td>
<td title="com.te.log4j.Test category">com.te.log4j.Test</td>
<td title="Message">error msg</td>
</tr>

<tr>
<td>3</td>
<td title="main thread">main</td>
<td title="Level"><font color="#993300"><strong>WARN</strong></font></td>
<td title="com.te.log4j.Test category">com.te.log4j.Test</td>
<td title="Message">warn msg</td>
</tr>

<tr>
<td>3</td>
<td title="main thread">main</td>
<td title="Level">INFO</td>
<td title="com.te.log4j.Test category">com.te.log4j.Test</td>
<td title="Message">info msg</td>
</tr>

<tr>
<td>3</td>
<td title="main thread">main</td>
<td title="Level"><font color="#339933">DEBUG</font></td>
<td title="com.te.log4j.Test category">com.te.log4j.Test</td>
<td title="Message">debug msg</td>
</tr>

<tr>
<td>3</td>
<td title="main thread">main</td>
<td title="Level">TRACE</td>
<td title="com.te.log4j.Test category">com.te.log4j.Test</td>
<td title="Message">tracing ended</td>
</tr>
<!DOCTYPE HTML PUBLIC "-//W3C//DTD HTML 4.01 Transitional//EN" "http://www.w3.org/TR/html4/loose.dtd">
<html>
<head>
<title>Log4J Log Messages</title>
<style type="text/css">
<!--
body, table {font-family: arial,sans-serif; font-size: x-small;}
th {background: #336699; color: #FFFFFF; text-align: left;}
-->
</style>
</head>
<body bgcolor="#FFFFFF" topmargin="6" leftmargin="6">
<hr size="1" noshade>
Log session start time Wed Apr 14 18:12:28 IST 2021<br>
<br>
<table cellspacing="0" cellpadding="4" border="1" bordercolor="#224466" width="100%">
<tr>
<th>Time</th>
<th>Thread</th>
<th>Level</th>
<th>Category</th>
<th>Message</th>
</tr>

<tr>
<td>0</td>
<td title="main thread">main</td>
<td title="Level">TRACE</td>
<td title="com.te.log4j.Test category">com.te.log4j.Test</td>
<td title="Message">tracing started</td>
</tr>

<tr>
<td>2</td>
<td title="main thread">main</td>
<td title="Level"><font color="#993300"><strong>FATAL</strong></font></td>
<td title="com.te.log4j.Test category">com.te.log4j.Test</td>
<td title="Message">fatal msg</td>
</tr>

<tr>
<td>2</td>
<td title="main thread">main</td>
<td title="Level"><font color="#993300"><strong>ERROR</strong></font></td>
<td title="com.te.log4j.Test category">com.te.log4j.Test</td>
<td title="Message">error msg</td>
</tr>

<tr>
<td>2</td>
<td title="main thread">main</td>
<td title="Level"><font color="#993300"><strong>WARN</strong></font></td>
<td title="com.te.log4j.Test category">com.te.log4j.Test</td>
<td title="Message">warn msg</td>
</tr>

<tr>
<td>2</td>
<td title="main thread">main</td>
<td title="Level">INFO</td>
<td title="com.te.log4j.Test category">com.te.log4j.Test</td>
<td title="Message">info msg</td>
</tr>

<tr>
<td>3</td>
<td title="main thread">main</td>
<td title="Level"><font color="#339933">DEBUG</font></td>
<td title="com.te.log4j.Test category">com.te.log4j.Test</td>
<td title="Message">debug msg</td>
</tr>

<tr>
<td>3</td>
<td title="main thread">main</td>
<td title="Level">TRACE</td>
<td title="com.te.log4j.Test category">com.te.log4j.Test</td>
<td title="Message">tracing ended</td>
</tr>
<!DOCTYPE HTML PUBLIC "-//W3C//DTD HTML 4.01 Transitional//EN" "http://www.w3.org/TR/html4/loose.dtd">
<html>
<head>
<title>Log4J Log Messages</title>
<style type="text/css">
<!--
body, table {font-family: arial,sans-serif; font-size: x-small;}
th {background: #336699; color: #FFFFFF; text-align: left;}
-->
</style>
</head>
<body bgcolor="#FFFFFF" topmargin="6" leftmargin="6">
<hr size="1" noshade>
Log session start time Wed Apr 14 18:12:46 IST 2021<br>
<br>
<table cellspacing="0" cellpadding="4" border="1" bordercolor="#224466" width="100%">
<tr>
<th>Time</th>
<th>Thread</th>
<th>Level</th>
<th>Category</th>
<th>Message</th>
</tr>

<tr>
<td>0</td>
<td title="main thread">main</td>
<td title="Level">TRACE</td>
<td title="com.te.log4j.Test category">com.te.log4j.Test</td>
<td title="Message">tracing started</td>
</tr>

<tr>
<td>1</td>
<td title="main thread">main</td>
<td title="Level"><font color="#993300"><strong>FATAL</strong></font></td>
<td title="com.te.log4j.Test category">com.te.log4j.Test</td>
<td title="Message">fatal msg</td>
</tr>

<tr>
<td>1</td>
<td title="main thread">main</td>
<td title="Level"><font color="#993300"><strong>ERROR</strong></font></td>
<td title="com.te.log4j.Test category">com.te.log4j.Test</td>
<td title="Message">error msg</td>
</tr>

<tr>
<td>1</td>
<td title="main thread">main</td>
<td title="Level"><font color="#993300"><strong>WARN</strong></font></td>
<td title="com.te.log4j.Test category">com.te.log4j.Test</td>
<td title="Message">warn msg</td>
</tr>

<tr>
<td>1</td>
<td title="main thread">main</td>
<td title="Level">INFO</td>
<td title="com.te.log4j.Test category">com.te.log4j.Test</td>
<td title="Message">info msg</td>
</tr>

<tr>
<td>1</td>
<td title="main thread">main</td>
<td title="Level"><font color="#339933">DEBUG</font></td>
<td title="com.te.log4j.Test category">com.te.log4j.Test</td>
<td title="Message">debug msg</td>
</tr>

<tr>
<td>1</td>
<td title="main thread">main</td>
<td title="Level">TRACE</td>
<td title="com.te.log4j.Test category">com.te.log4j.Test</td>
<td title="Message">tracing ended</td>
</tr>
<!DOCTYPE HTML PUBLIC "-//W3C//DTD HTML 4.01 Transitional//EN" "http://www.w3.org/TR/html4/loose.dtd">
<html>
<head>
<title>Log4J Log Messages</title>
<style type="text/css">
<!--
body, table {font-family: arial,sans-serif; font-size: x-small;}
th {background: #336699; color: #FFFFFF; text-align: left;}
-->
</style>
</head>
<body bgcolor="#FFFFFF" topmargin="6" leftmargin="6">
<hr size="1" noshade>
Log session start time Wed Apr 14 18:13:09 IST 2021<br>
<br>
<table cellspacing="0" cellpadding="4" border="1" bordercolor="#224466" width="100%">
<tr>
<th>Time</th>
<th>Thread</th>
<th>Level</th>
<th>Category</th>
<th>Message</th>
</tr>

<tr>
<td>0</td>
<td title="main thread">main</td>
<td title="Level">TRACE</td>
<td title="com.te.log4j.Test category">com.te.log4j.Test</td>
<td title="Message">tracing started</td>
</tr>

<tr>
<td>2</td>
<td title="main thread">main</td>
<td title="Level"><font color="#993300"><strong>FATAL</strong></font></td>
<td title="com.te.log4j.Test category">com.te.log4j.Test</td>
<td title="Message">fatal msg</td>
</tr>

<tr>
<td>2</td>
<td title="main thread">main</td>
<td title="Level"><font color="#993300"><strong>ERROR</strong></font></td>
<td title="com.te.log4j.Test category">com.te.log4j.Test</td>
<td title="Message">error msg</td>
</tr>

<tr>
<td>2</td>
<td title="main thread">main</td>
<td title="Level"><font color="#993300"><strong>WARN</strong></font></td>
<td title="com.te.log4j.Test category">com.te.log4j.Test</td>
<td title="Message">warn msg</td>
</tr>

<tr>
<td>2</td>
<td title="main thread">main</td>
<td title="Level">INFO</td>
<td title="com.te.log4j.Test category">com.te.log4j.Test</td>
<td title="Message">info msg</td>
</tr>

<tr>
<td>2</td>
<td title="main thread">main</td>
<td title="Level"><font color="#339933">DEBUG</font></td>
<td title="com.te.log4j.Test category">com.te.log4j.Test</td>
<td title="Message">debug msg</td>
</tr>

<tr>
<td>2</td>
<td title="main thread">main</td>
<td title="Level">TRACE</td>
<td title="com.te.log4j.Test category">com.te.log4j.Test</td>
<td title="Message">tracing ended</td>
</tr>
TRACE [main] Test.java:13 - tracing started
FATAL [main] Test.java:14 - fatal msg
ERROR [main] Test.java:15 - error msg
 WARN [main] Test.java:16 - warn msg
 INFO [main] Test.java:17 - info msg
DEBUG [main] Test.java:18 - debug msg
TRACE [main] Test.java:19 - tracing ended
